build/outputs/logs/manifest-merger-debug-report.txt
-- Merging decision tree log ---
manifest
ADDED from WTest\AndroidManifest.xml:2:1-23:12
	package
		ADDED from WTest\AndroidManifest.xml:3:5-26
		INJECTED from WTest\AndroidManifest.xml
		INJECTED from WTest\AndroidManifest.xml
	android:versionName
		INJECTED from WTest\AndroidManifest.xml
		INJECTED from WTest\AndroidManifest.xml
	xmlns:android
		ADDED from WTest\AndroidManifest.xml:2:11-69
	android:versionCode
		INJECTED from WTest\AndroidManifest.xml
		INJECTED from WTest\AndroidManifest.xml
uses-sdk
ADDED from WTest\AndroidManifest.xml:5:5-73
	android:targetSdkVersion
		ADDED from WTest\AndroidManifest.xml:5:41-70
		INJECTED from WTest\AndroidManifest.xml
		INJECTED from WTest\AndroidManifest.xml
	android:minSdkVersion
		ADDED from WTest\AndroidManifest.xml:5:15-40
		INJECTED from WTest\AndroidManifest.xml
		INJECTED from WTest\AndroidManifest.xml
application
ADDED from WTest\AndroidManifest.xml:6:5-21:19
	android:label
		ADDED from WTest\AndroidManifest.xml:8:9-41
	android:supportsRtl
		ADDED from WTest\AndroidManifest.xml:9:9-35
	android:allowBackup
		ADDED from WTest\AndroidManifest.xml:7:9-35
activity#com.test.wl.MainAcvtivity
ADDED from WTest\AndroidManifest.xml:11:9-19:20
	android:label
		ADDED from WTest\AndroidManifest.xml:13:13-45
	android:name
		ADDED from WTest\AndroidManifest.xml:12:13-53
intent-filter#android.intent.action.MAIN+android.intent.category.LAUNCHER
ADDED from WTest\AndroidManifest.xml:14:13-18:29
action#android.intent.action.MAIN
ADDED from WTest\AndroidManifest.xml:15:17-69
	android:name
		ADDED from WTest\AndroidManifest.xml:15:25-66
category#android.intent.category.LAUNCHER
ADDED from WTest\AndroidManifest.xml:17:17-77
	android:name
		ADDED from WTest\AndroidManifest.xml:17:27-74